EngineMonitor started at: 22.02.2019 18:23:46.070
22.02.2019 18:23:46.071 Debug: QFont( "Ubuntu,11,-1,5,50,0,0,0,0,0" )
22.02.2019 18:23:46.071 Debug: QFont( "Bitstream Vera Sans,11,-1,5,50,0,0,0,0,0" )
22.02.2019 18:23:48.477 Warning: QIODevice::write (QFile, "/ems/engineLogs/EngineData 2019-02-23 00.23.46.csv"): device not open
22.02.2019 18:23:48.477 Warning: QIODevice::write (QFile, "/ems/engineLogs/EngineData 2019-02-23 00.23.46.csv"): device not open
22.02.2019 18:23:48.477 Warning: QIODevice::write (QFile, "/ems/engineLogs/EngineData 2019-02-23 00.23.46.csv"): device not open
22.02.2019 18:23:48.477 Warning: QIODevice::write (QFile, "/ems/engineLogs/EngineData 2019-02-23 00.23.46.csv"): device not open
22.02.2019 18:23:48.477 Warning: QIODevice::write (QFile, "/ems/engineLogs/EngineData 2019-02-23 00.23.46.csv"): device not open
22.02.2019 18:23:48.478 Warning: QIODevice::write (QFile, "/ems/engineLogs/EngineData 2019-02-23 00.23.46.csv"): device not open
22.02.2019 18:23:48.478 Warning: QIODevice::write (QFile, "/ems/engineLogs/EngineData 2019-02-23 00.23.46.csv"): device not open
22.02.2019 18:23:48.478 Warning: QIODevice::write (QFile, "/ems/engineLogs/EngineData 2019-02-23 00.23.46.csv"): device not open
22.02.2019 18:23:48.478 Warning: QIODevice::write (QFile, "/ems/engineLogs/EngineData 2019-02-23 00.23.46.csv"): device not open
22.02.2019 18:23:48.478 Warning: QIODevice::write (QFile, "/ems/engineLogs/EngineData 2019-02-23 00.23.46.csv"): device not open
22.02.2019 18:23:48.478 Debug: Enter connectSignals()
22.02.2019 18:23:48.478 Debug: Connecting flashing alarm signals
22.02.2019 18:23:48.478 Debug: Connecting RPM signals
22.02.2019 18:23:48.478 Debug: Connecting CHT/EGT Signals
22.02.2019 18:23:48.478 Debug: Connecting hobb/flight time Signals
22.02.2019 18:23:48.478 Debug: Returned from connectSignals()
22.02.2019 18:23:48.502 Debug: "Port:ttyS2\nLocation:/dev/ttyS2\nDescription:\nManufacturer:\nSerial number:\nVendor Identifier:\nProduct Identifier:\nBusy:No\n"
22.02.2019 18:23:48.503 Debug: "Port:ttyS0\nLocation:/dev/ttyS0\nDescription:\nManufacturer:\nSerial number:\nVendor Identifier:\nProduct Identifier:\nBusy:No\n"
22.02.2019 18:23:48.503 Debug: "Port:ttyS1\nLocation:/dev/ttyS1\nDescription:\nManufacturer:\nSerial number:\nVendor Identifier:\nProduct Identifier:\nBusy:No\n"
22.02.2019 18:23:48.503 Critical: Serial Port error: "No such file or directory"
22.02.2019 18:23:48.503 Debug: "Open error"
